[debug] [2024-01-14T11:02:18.465Z] ----------------------------------------------------------------------
[debug] [2024-01-14T11:02:18.472Z] Command:       C:\Program Files\nodejs\node.exe C:\Users\HP\AppData\Roaming\npm\node_modules\firebase-tools\lib\bin\firebase.js init
[debug] [2024-01-14T11:02:18.473Z] CLI Version:   13.0.3
[debug] [2024-01-14T11:02:18.473Z] Platform:      win32
[debug] [2024-01-14T11:02:18.473Z] Node Version:  v20.10.0
[debug] [2024-01-14T11:02:18.474Z] Time:          Sun Jan 14 2024 16:02:18 GMT+0500 (Pakistan Standard Time)
[debug] [2024-01-14T11:02:18.474Z] ----------------------------------------------------------------------
[debug] 
[debug] [2024-01-14T11:02:18.485Z] > command requires scopes: ["email","openid","https://www.googleapis.com/auth/cloudplatformprojects.readonly","https://www.googleapis.com/auth/firebase","https://www.googleapis.com/auth/cloud-platform"]
[debug] [2024-01-14T11:02:18.487Z] > authorizing via signed-in user (awishwaseem7@gmail.com)
[info] 
     ######## #### ########  ######## ########     ###     ######  ########
     ##        ##  ##     ## ##       ##     ##  ##   ##  ##       ##
     ######    ##  ########  ######   ########  #########  ######  ######
     ##        ##  ##    ##  ##       ##     ## ##     ##       ## ##
     ##       #### ##     ## ######## ########  ##     ##  ######  ########

You're about to initialize a Firebase project in this directory:

  C:\Users\HP\Desktop\ustazportal\my-app

[debug] [2024-01-14T11:03:16.141Z] ----------------------------------------------------------------------
[debug] [2024-01-14T11:03:16.147Z] Command:       C:\Program Files\nodejs\node.exe C:\Users\HP\AppData\Roaming\npm\node_modules\firebase-tools\lib\bin\firebase.js init
[debug] [2024-01-14T11:03:16.147Z] CLI Version:   13.0.3
[debug] [2024-01-14T11:03:16.148Z] Platform:      win32
[debug] [2024-01-14T11:03:16.148Z] Node Version:  v20.10.0
[debug] [2024-01-14T11:03:16.148Z] Time:          Sun Jan 14 2024 16:03:16 GMT+0500 (Pakistan Standard Time)
[debug] [2024-01-14T11:03:16.148Z] ----------------------------------------------------------------------
[debug] 
[debug] [2024-01-14T11:03:16.158Z] > command requires scopes: ["email","openid","https://www.googleapis.com/auth/cloudplatformprojects.readonly","https://www.googleapis.com/auth/firebase","https://www.googleapis.com/auth/cloud-platform"]
[debug] [2024-01-14T11:03:16.158Z] > authorizing via signed-in user (awishwaseem7@gmail.com)
[info] 
     ######## #### ########  ######## ########     ###     ######  ########
     ##        ##  ##     ## ##       ##     ##  ##   ##  ##       ##
     ######    ##  ########  ######   ########  #########  ######  ######
     ##        ##  ##    ##  ##       ##     ## ##     ##       ## ##
     ##       #### ##     ## ######## ########  ##     ##  ######  ########

You're about to initialize a Firebase project in this directory:

  C:\Users\HP\Desktop\ustazportal\my-app

